Base path: D:/2017.2/Editor/Data
Cmd: initializeCompiler
<<<<<<< HEAD
=======
Cmd: preprocess
  insize=1459 outsize=461 ok=1
Cmd: preprocess
  insize=452 outsize=452 ok=1
Cmd: preprocess
  insize=1683 outsize=1875 ok=1
Cmd: preprocess
  insize=1518 outsize=1819 ok=1
Cmd: preprocess
  insize=1097 outsize=957 ok=1
Cmd: preprocess
  insize=2776 outsize=1173 ok=1
Cmd: preprocess
  insize=1637 outsize=638 ok=1
Cmd: preprocess
  insize=1521 outsize=495 ok=1
Cmd: preprocess
  insize=1371 outsize=372 ok=1
>>>>>>> c6b37dfff86959145193b2d0c688f58da7d547d1
